<?xml version="1.0" encoding="utf-8"?>
<root>
  <queries>
    <query name="test_ipr_fin_body_union_repos" timestamp="18.08.2016 16:38:20">
      <select>
        <column table="a" column="kod_doc_osn" as="kod_doc_osn" />
        <column table="a" column="kod_ipr" as="kod_ipr" />
        <column table="a" column="kod_ipr_ext" as="kod_ipr_ext" />
        <column table="a" column="year" as="year" />
        <column table="a" column="period" as="period" />
        <column table="a" column="ym" as="ym" />
        <column table="a" column="max_ym" as="max_ym" />
        <column table="a" column="min_ym" as="min_ym" />
        <column table="a" column="kodzatrat" as="kodzatrat" />
        <column table="a" column="kod_titul_ip" as="kod_titul_ip" />
        <column table="a" column="kod_main_titul" as="kod_main_titul" />
        <column table="a" column="kod_titul_ip_sb" as="kod_titul_ip_sb" />
        <column table="a" column="kod_ipr_dog" as="kod_ipr_dog" />
        <column table="a" column="kod_dog" as="kod_dog" />
        <column table="a" column="kod_dog_i" as="kod_dog_i" />
        <column table="a" column="kod_smet" as="kod_smet" />
        <column table="a" column="pr_last_smet" as="pr_last_smet" />
        <column table="a" column="kap_sum" as="kap_sum" exclude="1" />
        <column table="a" column="kap_sum_nds" as="kap_sum_nds" exclude="1" />
        <column table="a" column="kap_sum_wait" as="kap_sum_wait" exclude="1" />
        <column table="a" column="kap_sum_nds_wait" as="kap_sum_nds_wait" exclude="1" />
        <column table="a" column="fp_sum" as="fp_sum" exclude="1" />
        <column table="a" column="fp_sum_nds" as="fp_sum_nds" exclude="1" />
        <column table="a" column="fp_sum_wait" as="fp_sum_wait" exclude="1" />
        <column table="a" column="fp_sum_nds_wait" as="fp_sum_nds_wait" exclude="1" />
        <column table="a" column="god_vvod" as="god_vvod" exclude="1" />
        <column table="a" column="vvod_sum" as="vvod_sum" exclude="1" />
        <column table="a" column="vvod_sum_nds" as="vvod_sum_nds" exclude="1" />
        <column table="a" column="vvod_sum_wait" as="vvod_sum_wait" exclude="1" />
        <column table="a" column="vvod_sum_nds_wait" as="vvod_sum_nds_wait" exclude="1" />
        <column table="a" column="kap_nds" as="kap_nds" exclude="1" />
        <column table="a" column="kap_nds_wait" as="kap_nds_wait" exclude="1" />
        <column table="a" column="fp_nds" as="fp_nds" exclude="1" />
        <column table="a" column="fp_nds_wait" as="fp_nds_wait" exclude="1" />
        <column table="a" column="pow_km" as="pow_km" exclude="1" />
        <column table="a" column="pow_mba" as="pow_mba" exclude="1" />
        <column table="a" column="pow_cnt" as="pow_cnt" exclude="1" />
        <column table="a" column="pow_km_del" as="pow_km_del" exclude="1" />
        <column table="a" column="pow_mba_del" as="pow_mba_del" exclude="1" />
        <column table="a" column="pow_km_pr" as="pow_km_pr" exclude="1" />
        <column table="a" column="pow_mba_pr" as="pow_mba_pr" exclude="1" />
        <column table="a" column="pow_cnt_pr" as="pow_cnt_pr" exclude="1" />
        <column table="a" column="pow_mba_fact" as="pow_mba_fact" exclude="1" />
        <column table="a" column="pow_km_fact" as="pow_km_fact" exclude="1" />
        <column table="a" column="pow_cnt_fact" as="pow_cnt_fact" exclude="1" />
        <column table="a" column="pow_km_fact_pr" as="pow_km_fact_pr" exclude="1" />
        <column table="a" column="pow_mba_fact_pr" as="pow_mba_fact_pr" exclude="1" />
        <column table="a" column="pow_cnt_fact_pr" as="pow_cnt_fact_pr" exclude="1" />
        <column table="a" column="pow_mba_wait" as="pow_mba_wait" exclude="1" />
        <column table="a" column="pow_km_wait" as="pow_km_wait" exclude="1" />
        <column table="a" column="pow_cnt_wait" as="pow_cnt_wait" exclude="1" />
        <column table="a" column="pow_cnt_proch_wait" as="pow_cnt_proch_wait" exclude="1" />
        <column table="a" column="pow_km_wait_pr" as="pow_km_wait_pr" exclude="1" />
        <column table="a" column="pow_mba_wait_pr" as="pow_mba_wait_pr" exclude="1" />
        <column table="a" column="pow_cnt_wait_pr" as="pow_cnt_wait_pr" exclude="1" />
        <column table="a" column="pow_cnt_proch_wait_pr" as="pow_cnt_proch_wait_pr" exclude="1" />
        <column table="a" column="pow_cnt_proch" as="pow_cnt_proch" exclude="1" />
        <column table="a" column="pow_cnt_proch_pr" as="pow_cnt_proch_pr" exclude="1" />
        <column table="a" column="pow_cnt_proch_fact" as="pow_cnt_proch_fact" exclude="1" />
        <column table="a" column="pow_cnt_proch_fact_pr" as="pow_cnt_proch_fact_pr" exclude="1" />
        <column table="a" column="pow_km_kl" as="pow_km_kl" exclude="1" />
        <column table="a" column="pow_km_kl_del" as="pow_km_kl_del" exclude="1" />
        <column table="a" column="pow_km_kl_fact" as="pow_km_kl_fact" exclude="1" />
        <column table="a" column="pow_km_kl_ekspl" as="pow_km_kl_ekspl" exclude="1" />
        <column table="a" column="pow_km_kl_pr" as="pow_km_kl_pr" exclude="1" />
        <column table="a" column="pow_km_kl_fact_pr" as="pow_km_kl_fact_pr" exclude="1" />
        <column table="a" column="pow_km_kl_wait" as="pow_km_kl_wait" exclude="1" />
        <column table="a" column="pow_km_kl_wait_pr" as="pow_km_kl_wait_pr" exclude="1" />
        <column table="a" column="pow_any" as="pow_any" exclude="1" />
        <column table="a" column="pow_any_fact" as="pow_any_fact" exclude="1" />
        <column table="a" column="pow_km_itog" as="pow_km_itog" exclude="1" />
        <column table="a" column="pow_mba_itog" as="pow_mba_itog" exclude="1" />
        <column table="a" column="pow_cnt_itog" as="pow_cnt_itog" exclude="1" />
        <column table="a" column="pow_km_del_itog" as="pow_km_del_itog" exclude="1" />
        <column table="a" column="pow_mba_del_itog" as="pow_mba_del_itog" exclude="1" />
        <column table="a" column="pow_km_pr_itog" as="pow_km_pr_itog" exclude="1" />
        <column table="a" column="pow_mba_pr_itog" as="pow_mba_pr_itog" exclude="1" />
        <column table="a" column="pow_cnt_pr_itog" as="pow_cnt_pr_itog" exclude="1" />
        <column table="a" column="pow_mba_fact_itog" as="pow_mba_fact_itog" exclude="1" />
        <column table="a" column="pow_km_fact_itog" as="pow_km_fact_itog" exclude="1" />
        <column table="a" column="pow_cnt_fact_itog" as="pow_cnt_fact_itog" exclude="1" />
        <column table="a" column="pow_km_fact_pr_itog" as="pow_km_fact_pr_itog" exclude="1" />
        <column table="a" column="pow_mba_fact_pr_itog" as="pow_mba_fact_pr_itog" />
        <column table="a" column="pow_cnt_fact_pr_itog" as="pow_cnt_fact_pr_itog" exclude="1" />
        <column table="a" column="pow_mba_wait_itog" as="pow_mba_wait_itog" exclude="1" />
        <column table="a" column="pow_km_wait_itog" as="pow_km_wait_itog" exclude="1" />
        <column table="a" column="pow_cnt_wait_itog" as="pow_cnt_wait_itog" exclude="1" />
        <column table="a" column="pow_cnt_proch_wait_itog" as="pow_cnt_proch_wait_itog" exclude="1" />
        <column table="a" column="pow_km_wait_pr_itog" as="pow_km_wait_pr_itog" exclude="1" />
        <column table="a" column="pow_mba_wait_pr_itog" as="pow_mba_wait_pr_itog" exclude="1" />
        <column table="a" column="pow_cnt_wait_pr_itog" as="pow_cnt_wait_pr_itog" exclude="1" />
        <column table="a" column="pow_cnt_proch_wait_pr_itog" as="pow_cnt_proch_wait_pr_itog" exclude="1" />
        <column table="a" column="pow_cnt_proch_itog" as="pow_cnt_proch_itog" exclude="1" />
        <column table="a" column="pow_cnt_proch_pr_itog" as="pow_cnt_proch_pr_itog" exclude="1" />
        <column table="a" column="pow_cnt_proch_fact_itog" as="pow_cnt_proch_fact_itog" exclude="1" />
        <column table="a" column="pow_cnt_proch_fact_pr_itog" as="pow_cnt_proch_fact_pr_itog" exclude="1" />
        <column table="a" column="pow_km_kl_itog" as="pow_km_kl_itog" exclude="1" />
        <column table="a" column="pow_km_kl_del_itog" as="pow_km_kl_del_itog" exclude="1" />
        <column table="a" column="pow_km_kl_fact_itog" as="pow_km_kl_fact_itog" exclude="1" />
        <column table="a" column="pow_km_kl_ekspl_itog" as="pow_km_kl_ekspl_itog" exclude="1" />
        <column table="a" column="pow_km_kl_pr_itog" as="pow_km_kl_pr_itog" exclude="1" />
        <column table="a" column="pow_km_kl_fact_pr_itog" as="pow_km_kl_fact_pr_itog" exclude="1" />
        <column table="a" column="pow_km_kl_wait_itog" as="pow_km_kl_wait_itog" exclude="1" />
        <column table="a" column="pow_km_kl_wait_pr_itog" as="pow_km_kl_wait_pr_itog" exclude="1" />
        <column table="a" column="pow_any_itog" as="pow_any_itog" exclude="1" />
        <column table="a" column="pow_any_fact_itog" as="pow_any_fact_itog" exclude="1" />
        <column table="a" column="pow_km_all" as="pow_km_all" exclude="1" />
        <column table="a" column="pow_other" as="pow_other" exclude="1" />
        <column table="a" column="pow_km_all_pr" as="pow_km_all_pr" exclude="1" />
        <column table="a" column="pow_other_pr" as="pow_other_pr" exclude="1" />
        <column table="a" column="pow_km_all_fact" as="pow_km_all_fact" exclude="1" />
        <column table="a" column="pow_other_fact" as="pow_other_fact" exclude="1" />
        <column table="a" column="pow_km_all_fact_pr" as="pow_km_all_fact_pr" exclude="1" />
        <column table="a" column="pow_other_fact_pr" as="pow_other_fact_pr" exclude="1" />
        <column table="a" column="kap_sum_nds_fact_a" as="kap_sum_nds_fact_a" exclude="1" />
        <column table="a" column="kap_nds_fact_a" as="kap_nds_fact_a" exclude="1" />
        <column table="a" column="kap_sum_fact_per" as="kap_sum_fact_per" exclude="1" />
        <column table="a" column="kap_nds_fact_per" as="kap_nds_fact_per" exclude="1" />
        <column table="a" column="kap_sum_nds_fact_per" as="kap_sum_nds_fact_per" exclude="1" />
        <column table="a" column="kap_sum_fact_per_pr" as="kap_sum_fact_per_pr" exclude="1" />
        <column table="a" column="kap_nds_fact_per_pr" as="kap_nds_fact_per_pr" exclude="1" />
        <column table="a" column="kap_sum_fact_sp" as="kap_sum_fact_sp" exclude="1" />
        <column table="a" column="kap_nds_fact_sp" as="kap_nds_fact_sp" exclude="1" />
        <column table="a" column="kap_sum_nds_fact_sp" as="kap_sum_nds_fact_sp" exclude="1" />
        <column table="a" column="kap_sum_fact_sp_pr" as="kap_sum_fact_sp_pr" exclude="1" />
        <column table="a" column="kap_nds_fact_sp_pr" as="kap_nds_fact_sp_pr" exclude="1" />
        <column table="a" column="kap_sum_fact_pri" as="kap_sum_fact_pri" exclude="1" />
        <column table="a" column="kap_nds_fact_pri" as="kap_nds_fact_pri" exclude="1" />
        <column table="a" column="kap_sum_nds_fact_pri" as="kap_sum_nds_fact_pri" exclude="1" />
        <column table="a" column="kap_sum_fact_pri_pr" as="kap_sum_fact_pri_pr" exclude="1" />
        <column table="a" column="kap_nds_fact_pri_pr" as="kap_nds_fact_pri_pr" exclude="1" />
        <column table="a" column="kap_sum_nds_fact" as="kap_sum_nds_fact" exclude="1" />
        <column table="a" column="kap_nds_fact" as="kap_nds_fact" exclude="1" />
        <column table="a" column="fp_fact_sum" as="fp_fact_sum" exclude="1" />
        <column table="a" column="fp_fact_sum_pr" as="fp_fact_sum_pr" exclude="1" />
        <column table="a" column="fp_sum_nds_fact_a" as="fp_sum_nds_fact_a" exclude="1" />
        <column table="a" column="fp_fact_nds" as="fp_fact_nds" exclude="1" />
        <column table="a" column="fp_fact_nds_pr" as="fp_fact_nds_pr" exclude="1" />
        <column table="a" column="fp_nds_fact_a" as="fp_nds_fact_a" exclude="1" />
        <column table="a" column="fp_sum_fact_per1" as="fp_sum_fact_per1" exclude="1" />
        <column table="a" column="fp_nds_fact_per1" as="fp_nds_fact_per1" exclude="1" />
        <column table="a" column="fp_sum_fact_per" as="fp_sum_fact_per" exclude="1" />
        <column table="a" column="fp_nds_fact_per" as="fp_nds_fact_per" exclude="1" />
        <column table="a" column="fp_sum_nds_fact_per" as="fp_sum_nds_fact_per" exclude="1" />
        <column table="a" column="fp_sum_fact_sp1" as="fp_sum_fact_sp1" exclude="1" />
        <column table="a" column="fp_nds_fact_sp1" as="fp_nds_fact_sp1" exclude="1" />
        <column table="a" column="fp_sum_fact_sp" as="fp_sum_fact_sp" exclude="1" />
        <column table="a" column="fp_nds_fact_sp" as="fp_nds_fact_sp" exclude="1" />
        <column table="a" column="fp_sum_nds_fact_sp" as="fp_sum_nds_fact_sp" exclude="1" />
        <column table="a" column="fp_sum_fact_pri1" as="fp_sum_fact_pri1" exclude="1" />
        <column table="a" column="fp_nds_fact_pri1" as="fp_nds_fact_pri1" exclude="1" />
        <column table="a" column="fp_sum_fact_pri" as="fp_sum_fact_pri" exclude="1" />
        <column table="a" column="fp_nds_fact_pri" as="fp_nds_fact_pri" exclude="1" />
        <column table="a" column="fp_sum_nds_fact_pri" as="fp_sum_nds_fact_pri" exclude="1" />
        <column table="a" column="fp_sum_nds_fact" as="fp_sum_nds_fact" exclude="1" />
        <column table="a" column="fp_nds_fact" as="fp_nds_fact" exclude="1" />
        <column table="a" column="vvod_sum_fact" as="vvod_sum_fact" exclude="1" />
        <column table="a" column="kap_sum_fact" as="kap_sum_fact" exclude="1" />
        <column table="a" column="fp_sum_fact" as="fp_sum_fact" exclude="1" />
        <column table="a" column="km" as="km" />
        <column table="a" column="km_kl" as="km_kl" />
        <column table="a" column="pow" as="pow" />
        <column table="a" column="other" as="other" />
        <column table="a" column="ipr_fin_ipr" as="ipr_fin_ipr" exclude="1" />
        <column table="a" column="summ_s" as="summ_s" exclude="1" />
        <column table="a" column="sum_psd" as="sum_psd" exclude="1" />
        <column table="a" column="sum_utvpsd" as="sum_utvpsd" exclude="1" />
        <column table="a" column="sum_usr" as="sum_usr" exclude="1" />
        <column table="a" column="summ_smet_tek" as="summ_smet_tek" exclude="1" />
        <column table="a" column="summ_smet_tek_on_doc" as="summ_smet_tek_on_doc" exclude="1" />
        <column table="a" column="summ_nds_usr" as="summ_nds_usr" exclude="1" />
        <column table="a" column="summ_10_nds_usr" as="summ_10_nds_usr" exclude="1" />
        <column table="a" column="summ_30_nds_usr" as="summ_30_nds_usr" exclude="1" />
        <column table="a" column="summ_usr" as="summ_usr" exclude="1" />
        <column table="a" column="summ_10_usr" as="summ_10_usr" exclude="1" />
        <column table="a" column="summ_30_usr" as="summ_30_usr" exclude="1" />
        <column table="a" column="summ_nds_psd" as="summ_nds_psd" exclude="1" />
        <column table="a" column="summ_nds_psd_10" as="summ_nds_psd_10" exclude="1" />
        <column table="a" column="summ_nds_psd_30" as="summ_nds_psd_30" exclude="1" />
        <column table="a" column="summ_psd" as="summ_psd" exclude="1" />
        <column table="a" column="summ_psd_10" as="summ_psd_10" exclude="1" />
        <column table="a" column="summ_psd_30" as="summ_psd_30" exclude="1" />
        <column table="a" column="summ_nds_utvpsd" as="summ_nds_utvpsd" exclude="1" />
        <column table="a" column="summ_utvpsd" as="summ_utvpsd" exclude="1" />
        <column table="a" column="mva_psd_30" as="mva_psd_30" exclude="1" />
        <column table="a" column="mva_30_usr" as="mva_30_usr" exclude="1" />
        <column table="a" column="kl_km_psd_30" as="kl_km_psd_30" exclude="1" />
        <column table="a" column="kl_km_30_usr" as="kl_km_30_usr" exclude="1" />
        <column table="a" column="vl_km_psd_30" as="vl_km_psd_30" exclude="1" />
        <column table="a" column="vl_km_30_usr" as="vl_km_30_usr" exclude="1" />
        <column table="a" column="prch_psd_30" as="prch_psd_30" exclude="1" />
        <column table="a" column="prch_30_usr" as="prch_30_usr" exclude="1" />
        <column table="a" column="summ_30_mva" as="summ_30_mva" exclude="1" />
        <column table="a" column="summ_30_kl_km" as="summ_30_kl_km" exclude="1" />
        <column table="a" column="summ_30_vl_km" as="summ_30_vl_km" exclude="1" />
        <column table="a" column="summ_30_prch" as="summ_30_prch" exclude="1" />
        <column table="a" column="summ_utvpsd_tit" as="summ_utvpsd_tit" exclude="1" />
        <column table="a" column="summ_psd_tit" as="summ_psd_tit" exclude="1" />
        <column table="a" column="summ_usr_tit" as="summ_usr_tit" exclude="1" />
        <column table="a" column="summ_psd_10_tit" as="summ_psd_10_tit" exclude="1" />
        <column table="a" column="summ_psd_30_tit" as="summ_psd_30_tit" exclude="1" />
        <column table="a" column="summ_usr_10_tit" as="summ_usr_10_tit" exclude="1" />
        <column table="a" column="summ_usr_30_tit" as="summ_usr_30_tit" exclude="1" />
        <column table="a" column="summ_k_rasp_psd" as="summ_k_rasp_psd" exclude="1" />
        <column table="a" column="summ_k_rasp_usr" as="summ_k_rasp_usr" exclude="1" />
        <column table="a" column="summ_k_rasp" as="summ_k_rasp" exclude="1" />
        <column table="a" column="summ_nds_usr_tek" as="summ_nds_usr_tek" exclude="1" />
        <column table="a" column="summ_10_nds_usr_tek" as="summ_10_nds_usr_tek" exclude="1" />
        <column table="a" column="summ_30_nds_usr_tek" as="summ_30_nds_usr_tek" exclude="1" />
        <column table="a" column="summ_usr_tek" as="summ_usr_tek" exclude="1" />
        <column table="a" column="summ_10_usr_tek" as="summ_10_usr_tek" exclude="1" />
        <column table="a" column="summ_30_usr_tek" as="summ_30_usr_tek" exclude="1" />
        <column table="a" column="summ_nds_psd_tek" as="summ_nds_psd_tek" exclude="1" />
        <column table="a" column="summ_nds_psd_10_tek" as="summ_nds_psd_10_tek" exclude="1" />
        <column table="a" column="summ_nds_psd_30_tek" as="summ_nds_psd_30_tek" exclude="1" />
        <column table="a" column="summ_psd_tek" as="summ_psd_tek" exclude="1" />
        <column table="a" column="summ_psd_10_tek" as="summ_psd_10_tek" exclude="1" />
        <column table="a" column="summ_psd_30_tek" as="summ_psd_30_tek" exclude="1" />
        <column table="a" column="summ_nds_utvpsd_tek" as="summ_nds_utvpsd_tek" exclude="1" />
        <column table="a" column="summ_utvpsd_tek" as="summ_utvpsd_tek" exclude="1" />
        <column table="a" column="mva_psd_30_tek" as="mva_psd_30_tek" exclude="1" />
        <column table="a" column="mva_30_usr_tek" as="mva_30_usr_tek" exclude="1" />
        <column table="a" column="kl_km_psd_30_tek" as="kl_km_psd_30_tek" exclude="1" />
        <column table="a" column="kl_km_30_usr_tek" as="kl_km_30_usr_tek" exclude="1" />
        <column table="a" column="vl_km_psd_30_tek" as="vl_km_psd_30_tek" exclude="1" />
        <column table="a" column="vl_km_30_usr_tek" as="vl_km_30_usr_tek" exclude="1" />
        <column table="a" column="prch_psd_30_tek" as="prch_psd_30_tek" exclude="1" />
        <column table="a" column="prch_30_usr_tek" as="prch_30_usr_tek" exclude="1" />
        <column table="a" column="summ_30_mva_tek" as="summ_30_mva_tek" exclude="1" />
        <column table="a" column="summ_30_kl_km_tek" as="summ_30_kl_km_tek" exclude="1" />
        <column table="a" column="summ_30_vl_km_tek" as="summ_30_vl_km_tek" exclude="1" />
        <column table="a" column="summ_30_prch_tek" as="summ_30_prch_tek" exclude="1" />
        <column table="a" column="summ_utvpsd_tit_tek" as="summ_utvpsd_tit_tek" exclude="1" />
        <column table="a" column="summ_psd_tit_tek" as="summ_psd_tit_tek" exclude="1" />
        <column table="a" column="summ_usr_tit_tek" as="summ_usr_tit_tek" exclude="1" />
        <column table="a" column="summ_psd_10_tit_tek" as="summ_psd_10_tit_tek" exclude="1" />
        <column table="a" column="summ_psd_30_tit_tek" as="summ_psd_30_tit_tek" exclude="1" />
        <column table="a" column="summ_usr_10_tit_tek" as="summ_usr_10_tit_tek" exclude="1" />
        <column table="a" column="summ_usr_30_tit_tek" as="summ_usr_30_tit_tek" exclude="1" />
        <column table="a" column="summ_k_rasp_psd_tek" as="summ_k_rasp_psd_tek" exclude="1" />
        <column table="a" column="summ_k_rasp_usr_tek" as="summ_k_rasp_usr_tek" exclude="1" />
        <column table="a" column="summ_k_rasp_tek" as="summ_k_rasp_tek" exclude="1" />
        <column table="a" column="summ" as="summ" exclude="1" />
        <column table="a" column="summ_bn" as="summ_bn" exclude="1" />
        <column table="a" column="summ_10" as="summ_10" exclude="1" />
        <column table="a" column="summ_10_bn" as="summ_10_bn" exclude="1" />
        <column table="a" column="summ_30" as="summ_30" exclude="1" />
        <column table="a" column="summ_30_bn" as="summ_30_bn" exclude="1" />
        <column table="a" column="kza" as="kza" exclude="1" />
        <column table="a" column="dza" as="dza" exclude="1" />
        <column table="a" column="znzs" as="znzs" exclude="1" />
        <column table="a" column="zsaldo1" as="zsaldo1" exclude="1" />
        <column table="a" column="zsaldo" as="zsaldo" exclude="1" />
        <column table="a" column="dz" as="dz" exclude="1" />
        <column table="a" column="kz" as="kz" exclude="1" />
        <column table="a" column="nzs_saldo" as="nzs_saldo" exclude="1" />
        <column table="a" column="kap_sum_itog" as="kap_sum_itog" exclude="1" />
        <column table="a" column="kap_sum_nds_itog" as="kap_sum_nds_itog" exclude="1" />
        <column table="a" column="kap_nds_itog" as="kap_nds_itog" exclude="1" />
        <column table="a" column="fp_sum_nds_itog" as="fp_sum_nds_itog" exclude="1" />
        <column table="a" column="fp_nds_itog" as="fp_nds_itog" exclude="1" />
        <column table="a" column="vvod_sum_itog" as="vvod_sum_itog" exclude="1" />
        <column table="a" column="saldo" as="saldo" exclude="1" />
        <column table="a" column="debet" as="debet" exclude="1" />
        <column table="a" column="kredit" as="kredit" exclude="1" />
        <column table="a" column="nzs" as="nzs" exclude="1" />
        <column table="a" column="saldo_itog" as="saldo_itog" exclude="1" />
        <column table="a" column="nzs_itog" as="nzs_itog" exclude="1" />
        <column table="a" column="kap_sum_wait_itog" as="kap_sum_wait_itog" exclude="1" />
        <column table="a" column="kap_sum_nds_wait_itog" as="kap_sum_nds_wait_itog" exclude="1" />
        <column table="a" column="kap_nds_wait_itog" as="kap_nds_wait_itog" exclude="1" />
        <column table="a" column="fp_sum_nds_wait_itog" as="fp_sum_nds_wait_itog" exclude="1" />
        <column table="a" column="fp_nds_wait_itog" as="fp_nds_wait_itog" exclude="1" />
        <column table="a" column="vvod_sum_wait_itog" as="vvod_sum_wait_itog" exclude="1" />
        <column table="a" column="saldo_wait" as="saldo_wait" exclude="1" />
        <column table="a" column="debet_wait" as="debet_wait" exclude="1" />
        <column table="a" column="kredit_wait" as="kredit_wait" exclude="1" />
        <column table="a" column="nzs_wait" as="nzs_wait" exclude="1" />
        <column table="a" column="saldo_wait_itog" as="saldo_wait_itog" exclude="1" />
        <column table="a" column="nzs_wait_itog" as="nzs_wait_itog" exclude="1" />
        <column table="a" column="has_plan" as="has_plan" exclude="1" />
        <column table="a" column="summ_on_ipr" as="summ_on_ipr" exclude="1" />
        <column table="a" column="summ_10_on_ipr" as="summ_10_on_ipr" exclude="1" />
        <column table="a" column="summ_30_on_ipr" as="summ_30_on_ipr" exclude="1" />
        <column table="a" column="summ_k_rasp_on_ipr" as="summ_k_rasp_on_ipr" exclude="1" />
        <column table="a" column="summ_k_rasp_id" as="summ_k_rasp_id" exclude="1" />
        <column table="a" column="kap_sum_fact_itog" as="kap_sum_fact_itog" exclude="1" />
        <column table="a" column="kap_sum_nds_fact_itog" as="kap_sum_nds_fact_itog" exclude="1" />
        <column table="a" column="kap_nds_fact_itog" as="kap_nds_fact_itog" exclude="1" />
        <column table="a" column="fp_sum_nds_fact_itog" as="fp_sum_nds_fact_itog" exclude="1" />
        <column table="a" column="fp_nds_fact_itog" as="fp_nds_fact_itog" exclude="1" />
        <column table="a" column="vvod_sum_fact_itog" as="vvod_sum_fact_itog" exclude="1" />
        <column table="a" column="saldo_fact" as="saldo_fact" exclude="1" />
        <column table="a" column="nzs_fact" as="nzs_fact" exclude="1" />
        <column table="a" column="saldo_fact_itog" as="saldo_fact_itog" exclude="1" />
        <column table="a" column="nzs_fact_itog" as="nzs_fact_itog" exclude="1" />
        <column table="a" column="fp_sum_nds_pos" as="fp_sum_nds_pos" exclude="1" />
        <column table="a" column="kap_sum_nds_pos" as="kap_sum_nds_pos" exclude="1" />
        <column table="a" column="kap_sum_pos" as="kap_sum_pos" exclude="1" />
        <column table="a" column="vvod_sum_pos" as="vvod_sum_pos" exclude="1" />
        <column table="a" column="kap_sum_nds_pos_itog" as="kap_sum_nds_pos_itog" exclude="1" />
        <column table="a" column="kap_sum_pos_itog" as="kap_sum_pos_itog" exclude="1" />
        <column table="a" column="fp_sum_nds_pos_itog" as="fp_sum_nds_pos_itog" exclude="1" />
        <column table="a" column="vvod_sum_pos_itog" as="vvod_sum_pos_itog" exclude="1" />
        <column table="a" column="saldo_pos" as="saldo_pos" exclude="1" />
        <column table="a" column="nzs_pos" as="nzs_pos" exclude="1" />
        <column table="a" column="saldo_pos_itog1" as="saldo_pos_itog1" exclude="1" />
        <column table="a" column="nzs_pos_itog1" as="nzs_pos_itog1" exclude="1" />
        <column table="a" column="saldo_pos_itog" as="saldo_pos_itog" exclude="1" />
        <column table="a" column="nzs2_itog" as="nzs2_itog" exclude="1" />
        <column table="a" column="dog_plan_cost" as="dog_plan_cost" exclude="1" />
        <column table="a" column="dog_plan_cost_nds" as="dog_plan_cost_nds" exclude="1" />
        <column table="a" column="ipr_fin_doc" as="ipr_fin_doc" exclude="1" />
        <column table="a" column="eksp_norm_podst" as="eksp_norm_podst" exclude="1" />
        <column table="a" column="eksp_norm_lin" as="eksp_norm_lin" exclude="1" />
        <column table="a" column="phis_coltr" as="phis_coltr" exclude="1" />
        <column table="a" column="phis_numtr" as="phis_numtr" exclude="1" />
        <column table="a" column="phis_mvatr" as="phis_mvatr" exclude="1" />
        <column table="a" column="phis_typel" as="phis_typel" exclude="1" />
        <column table="a" column="phis_numl" as="phis_numl" exclude="1" />
        <column table="a" column="phis_km_vl" as="phis_km_vl" exclude="1" />
        <column table="a" column="phis_km_kl" as="phis_km_kl" exclude="1" />
        <column table="a" column="phis_other" as="phis_other" exclude="1" />
        <column table="a" column="phis_coltr_itog" as="phis_coltr_itog" exclude="1" />
        <column table="a" column="phis_numtr_itog" as="phis_numtr_itog" exclude="1" />
        <column table="a" column="phis_mvatr_itog" as="phis_mvatr_itog" exclude="1" />
        <column table="a" column="phis_typel_itog" as="phis_typel_itog" exclude="1" />
        <column table="a" column="phis_numl_itog" as="phis_numl_itog" exclude="1" />
        <column table="a" column="phis_km_vl_itog" as="phis_km_vl_itog" exclude="1" />
        <column table="a" column="phis_km_kl_itog" as="phis_km_kl_itog" exclude="1" />
        <column table="a" column="phis_other_itog" as="phis_other_itog" exclude="1" />
        <column table="a" column="kap_lim_sum" as="kap_lim_sum" exclude="1" />
        <column table="a" column="fp_lim_sum_nds" as="fp_lim_sum_nds" exclude="1" />
        <column table="a" column="vvod_lim_sum" as="vvod_lim_sum" exclude="1" />
        <column table="a" column="ym_nxt" as="ym_nxt" exclude="1" />
      </select>
      <from>
        <query name="ipr_fin_body_united" as="a" />
      </from>
    </query>
  </queries>
</root>