<?xml version="1.0" encoding="utf-8"?>
<root>
  <form name="test-qube19" datareader="1" timestamp="28.12.2023 14:43:29" title="Тестъ" is-report="1" visible="0" nogrid="1" file="sql.builder.templates\sql.builder\projects\asuse2\reports\test\test-qube.xml" elid="188" ord="188" leaf="0" lvl="2" pelid="" />
  <dataset>
    <fields>
      <field type="string" name="is_form_valid" parname="is_form_valid" />
      <field type="string" name="is_form_valid_not" parname="is_form_valid_not" />
    </fields>
  </dataset>
</root>