<?xml version="1.0" encoding="utf-8"?>
<root>
  <form name="test-qube21" use-repository="1" timestamp="28.12.2023 14:43:31" is-report="1" title="Тест группировки (дерево)" visible="0" mode="tree" file="sql.builder.templates\sql.builder\projects\asuse2\reports\test\test-qube.xml" elid="189" ord="189" leaf="0" lvl="2" pelid="" />
  <dataset>
    <fields>
      <field type="string" name="is_form_valid" parname="is_form_valid" />
      <field type="string" name="is_form_valid_not" parname="is_form_valid_not" />
    </fields>
  </dataset>
</root>