<?xml version="1.0" encoding="utf-8"?>
<root timestamp="2022-08-05T11:27:50.3160921+03:00">
  <dimset>
    <dimension name="kod_dep" />
    <dimension name="kod_dog" />
  </dimset>
  <qube>
    <dimset>
      <dimension name="kod_dep" />
      <dimension name="kod_dog" />
    </dimset>
    <query name="sr_facras">
      <columns>
        <column column="nachisl" fact="sr_facras_nachisl" />
      </columns>
      <node link-info="">
        <node link-info="kod_sf">
          <node dimension="kod_dog" link-info="kod_dog1" path=".kod_dog">
            <node dimension="kod_dep" link-info="kod_dep" path=".kod_dep" />
          </node>
        </node>
      </node>
    </query>
    <query name="sr_opl_sf">
      <columns>
        <column column="opl_sf" fact="sr_opl_opl_sf" />
      </columns>
      <node link-info="">
        <node link-info="kod_sf">
          <node dimension="kod_dog" link-info="kod_dog1" path=".kod_dog">
            <node dimension="kod_dep" link-info="kod_dep" path=".kod_dep" />
          </node>
        </node>
      </node>
    </query>
  </qube>
</root>