<?xml version="1.0" encoding="utf-8"?>
<root timestamp="05.08.2022 11:27:50">
  <scheme>
    <table name="test-qube12" as="a">
      <columns>
        <column name="name" title="Отделение" type="string" into="name" key="0" />
        <column name="ndog" title="Номер договора" type="string" into="ndog" key="0" agg="stragg_dist" />
        <column name="sr_facras_nachisl" title="Начислено" type="number" into="sr_facras_nachisl" key="0" is-fact-use="1" agg="sum" />
        <column name="sr_opl_opl_sf" title="Оплата начислений" type="number" into="sr_opl_opl_sf" key="0" is-fact-use="1" agg="sum" />
      </columns>
      <viewcolumns>
        <column table="a" name="name" title="Отделение" type="string" into="name" assigned="1" />
        <column table="a" name="ndog" agg="stragg_dist" title="Номер договора" type="string" into="ndog" assigned="1" />
        <column table="a" name="sr_facras_nachisl" agg="sum" title="Начислено" type="number" into="sr_facras_nachisl" assigned="1" is-fact-use="1" />
        <column table="a" name="sr_opl_opl_sf" agg="sum" title="Оплата начислений" type="number" into="sr_opl_opl_sf" assigned="1" is-fact-use="1" />
      </viewcolumns>
    </table>
  </scheme>
</root>