<?xml version="1.0" encoding="utf-8"?>
<root>
  <queries>
    <query name="blank_1dolg" timestamp="30.05.2016 17:26:42">
      <select>
        <column table="kod_sf" column="ym" />
        <column table="dat" column="val" as="dv" />
        <column table="kod_sf" column="dat_sf" />
        <column table="kod_sf" column="num_sf" />
        <fact column="fin_ul_ob_osn" />
        <fact column="sr_facras_nachisl" />
        <fact column="sr_opl_opl_sf" />
      </select>
      <from>
        <qube>
          <link name="kod_dog" />
          <link name="dat" />
          <link name="kod_sf" />
          <where>
            <call function="and">
              <call function="=">
                <column table="kod_dog" column="ndog" />
                <const>'1008 Т'</const>
              </call>
              <call function="lt">
                <column table="dat" column="val" />
                <const>DATE'2016-05-01'</const>
              </call>
            </call>
          </where>
        </qube>
      </from>
    </query>
  </queries>
</root>